<?xml version="1.0" encoding="UTF-8"?>

<beans xmlns="http://www.springframework.org/schema/beans"
	xmlns:rabbit="http://www.springframework.org/schema/rabbit"
	xmlns:xsi="http://www.w3.org/2001/XMLSchema-instance" xmlns:util="http://www.springframework.org/schema/util"
	xmlns:p="http://www.springframework.org/schema/p" xmlns:context="http://www.springframework.org/schema/context"
	xmlns:tx="http://www.springframework.org/schema/tx"
	xsi:schemaLocation="
			http://www.springframework.org/schema/beans http://www.springframework.org/schema/beans/spring-beans-2.5.xsd
			http://www.springframework.org/schema/context http://www.springframework.org/schema/context/spring-context-2.5.xsd
			http://www.springframework.org/schema/util
			http://www.springframework.org/schema/util/spring-util-2.5.xsd
			http://www.springframework.org/schema/rabbit
           http://www.springframework.org/schema/rabbit/spring-rabbit.xsd 
           http://www.springframework.org/schema/oxm 
           http://www.springframework.org/schema/oxm/spring-oxm.xsd">

	<bean
		class="org.springframework.context.support.PropertySourcesPlaceholderConfigurer">
		<property name="locations">
			<list>
				<value>file:config/application.properties</value>
			</list>
		</property>
	</bean>
	
	<context:component-scan base-package="com.ge.predix.solsvc.fdh.handler.rabbitmq" />
	
	<rabbit:connection-factory id="myConnectionFactory"
		addresses="${rabbitmq.server}:${rabbitmq.port}" />
	
	<rabbit:admin connection-factory="myConnectionFactory" />

	<rabbit:template id="myTemplate" connection-factory="myConnectionFactory"
		message-converter="messageConverter" />
	
	<rabbit:queue name="${fieldChangedEvent.MainQueue}" />
	<rabbit:queue name="${fieldChangedEvent.ErrorQueue}" />
	
	<bean id="messageConverter"
		class="org.springframework.amqp.support.converter.ContentTypeDelegatingMessageConverter">
		<property name="delegates">
			<map>
				<entry key="text/plain" value-ref="simpleMessageConverter" />
			</map>
		</property>
	</bean>
	<bean id="simpleMessageConverter"
		class="org.springframework.amqp.support.converter.SimpleMessageConverter" />
		
</beans>